Using pre-set license
Built from '2020.3/staging' branch; Version is '2020.3.3f1 (76626098c1c4) revision 7758432'; Using compiler version '192528614'; Build Type 'Release'
OS: 'Windows 10 Home; OS build 19044.1586; Version 2009; 64bit' Language: 'de' Physical Memory: 7123 MB
BatchMode: 1, IsHumanControllingUs: 0, StartBugReporterOnCrash: 0, Is64bit: 1, IsPro: 0

 COMMAND LINE ARGUMENTS:
C:\Program Files\Unity\Hub\Editor\2020.3.3f1\Editor\Unity.exe
-adb2
-batchMode
-noUpm
-name
AssetImportWorker0
-projectPath
C:/Users/leonv/OneDrive/Dokumente/GitHub/Training-System/New Unity Project
-logFile
Logs/AssetImportWorker0.log
-srvPort
64831
Successfully changed project path to: C:/Users/leonv/OneDrive/Dokumente/GitHub/Training-System/New Unity Project
C:/Users/leonv/OneDrive/Dokumente/GitHub/Training-System/New Unity Project
Using Asset Import Pipeline V2.
Refreshing native plugins compatible for Editor in 75.66 ms, found 2 plugins.
Preloading 0 native plugins for Editor in 0.00 ms.
Initialize engine version: 2020.3.3f1 (76626098c1c4)
[Subsystems] Discovering subsystems at path C:/Program Files/Unity/Hub/Editor/2020.3.3f1/Editor/Data/Resources/UnitySubsystems
[Subsystems] Discovering subsystems at path C:/Users/leonv/OneDrive/Dokumente/GitHub/Training-System/New Unity Project/Assets
GfxDevice: creating device client; threaded=0
Direct3D:
    Version:  Direct3D 11.0 [level 11.1]
    Renderer: AMD Radeon(TM) Vega 8 Graphics (ID=0x15dd)
    Vendor:   
    VRAM:     3561 MB
    Driver:   26.20.11008.6001
Initialize mono
Mono path[0] = 'C:/Program Files/Unity/Hub/Editor/2020.3.3f1/Editor/Data/Managed'
Mono path[1] = 'C:/Program Files/Unity/Hub/Editor/2020.3.3f1/Editor/Data/MonoBleedingEdge/lib/mono/unityjit'
Mono config path = 'C:/Program Files/Unity/Hub/Editor/2020.3.3f1/Editor/Data/MonoBleedingEdge/etc'
Using monoOptions --debugger-agent=transport=dt_socket,embedding=1,server=y,suspend=n,address=127.0.0.1:56008
Begin MonoManager ReloadAssembly
Registering precompiled unity dll's ...
Register platform support module: C:/Program Files/Unity/Hub/Editor/2020.3.3f1/Editor/Data/PlaybackEngines/WebGLSupport/UnityEditor.WebGL.Extensions.dll
Register platform support module: C:/Program Files/Unity/Hub/Editor/2020.3.3f1/Editor/Data/PlaybackEngines/WindowsStandaloneSupport/UnityEditor.WindowsStandalone.Extensions.dll
Registered in 0.007577 seconds.
Native extension for WindowsStandalone target not found
Native extension for WebGL target not found
Refreshing native plugins compatible for Editor in 62.20 ms, found 2 plugins.
Preloading 0 native plugins for Editor in 0.00 ms.
Invoked RoslynAnalysisRunner static constructor.
RoslynAnalysisRunner will not be running.
RoslynAnalysisRunner has terminated.
Mono: successfully reloaded assembly
- Completed reload, in  2.093 seconds
Platform modules already initialized, skipping
Registering precompiled user dll's ...
Registered in 0.009640 seconds.
Begin MonoManager ReloadAssembly
Native extension for WindowsStandalone target not found
Native extension for WebGL target not found
Refreshing native plugins compatible for Editor in 0.71 ms, found 2 plugins.
Preloading 0 native plugins for Editor in 0.00 ms.
Invoked RoslynAnalysisRunner static constructor.
RoslynAnalysisRunner will not be running.
RoslynAnalysisRunner has terminated.
Mono: successfully reloaded assembly
- Completed reload, in  2.048 seconds
Platform modules already initialized, skipping
========================================================================
Worker process is ready to serve import requests
Launched and connected shader compiler UnityShaderCompiler.exe after 0.12 seconds
Refreshing native plugins compatible for Editor in 0.71 ms, found 2 plugins.
Preloading 0 native plugins for Editor in 0.00 ms.
Unloading 2039 Unused Serialized files (Serialized files now loaded: 0)
System memory in use before: 162.7 MB.
System memory in use after: 162.7 MB.

Unloading 21 unused Assets to reduce memory usage. Loaded Objects now: 2476.
Total: 5.038700 ms (FindLiveObjects: 0.312000 ms CreateObjectMapping: 0.084500 ms MarkObjects: 4.470600 ms  DeleteObjects: 0.168700 ms)

========================================================================
Received Import Request.
  path: Assets/FPS/Prefabs/Weapons
  artifactKey: Guid(c4bd18a3d8fb4f144bc92b30b8f5bca5) Importer(815301076,1909f56bfc062723c751e8b465ee728b)
Start importing Assets/FPS/Prefabs/Weapons using Guid(c4bd18a3d8fb4f144bc92b30b8f5bca5) Importer(815301076,1909f56bfc062723c751e8b465ee728b)  -> (artifact id: '0bfd2edd1667765649605b76a66ece70') in 0.011741 seconds
  Import took 0.019360 seconds .

========================================================================
Received Import Request.
  Time since last request: 0.000478 seconds.
  path: Assets/FPS/Prefabs/Weapons/Weapon_Blaster.prefab
  artifactKey: Guid(b318fabc73446b746a1005cede0c4ceb) Importer(815301076,1909f56bfc062723c751e8b465ee728b)
Start importing Assets/FPS/Prefabs/Weapons/Weapon_Blaster.prefab using Guid(b318fabc73446b746a1005cede0c4ceb) Importer(815301076,1909f56bfc062723c751e8b465ee728b)  -> (artifact id: '8a595238775c7a539cc04e5deb0893ff') in 0.220033 seconds
  Import took 0.226118 seconds .

========================================================================
Received Import Request.
  Time since last request: 0.000479 seconds.
  path: Assets/FPS/Prefabs/Weapons/Weapon_Shotgun.prefab
  artifactKey: Guid(31d97e822763d1f4cb769f7e3f7f7333) Importer(815301076,1909f56bfc062723c751e8b465ee728b)
Start importing Assets/FPS/Prefabs/Weapons/Weapon_Shotgun.prefab using Guid(31d97e822763d1f4cb769f7e3f7f7333) Importer(815301076,1909f56bfc062723c751e8b465ee728b)  -> (artifact id: '13b94250c325547be9c24b5a0fc30eff') in 0.166383 seconds
  Import took 0.171991 seconds .

========================================================================
Received Import Request.
  Time since last request: 0.000542 seconds.
  path: Assets/FPS/Prefabs/Weapons/Weapon_Launcher.prefab
  artifactKey: Guid(3439b4874b7b44e4eb2216314c46b85c) Importer(815301076,1909f56bfc062723c751e8b465ee728b)
Start importing Assets/FPS/Prefabs/Weapons/Weapon_Launcher.prefab using Guid(3439b4874b7b44e4eb2216314c46b85c) Importer(815301076,1909f56bfc062723c751e8b465ee728b)  -> (artifact id: '99cb4d7d4a61295b74ab8357b84b6d6b') in 0.042058 seconds
  Import took 0.048450 seconds .

========================================================================
Received Import Request.
  Time since last request: 88.621142 seconds.
  path: Assets/FPS/Prefabs/Weapons/Weapon_Blaster.prefab
  artifactKey: Guid(b318fabc73446b746a1005cede0c4ceb) Importer(815301076,1909f56bfc062723c751e8b465ee728b)
Start importing Assets/FPS/Prefabs/Weapons/Weapon_Blaster.prefab using Guid(b318fabc73446b746a1005cede0c4ceb) Importer(815301076,1909f56bfc062723c751e8b465ee728b)  -> (artifact id: '3604ea6415f2d96be51901edd10b33b2') in 0.037948 seconds
  Import took 0.044541 seconds .

========================================================================
Received Import Request.
  Time since last request: 0.006908 seconds.
  path: Assets/FPS/Prefabs/Weapons/Weapon_Blaster.prefab
  artifactKey: Guid(b318fabc73446b746a1005cede0c4ceb) Importer(815301076,1909f56bfc062723c751e8b465ee728b)
Start importing Assets/FPS/Prefabs/Weapons/Weapon_Blaster.prefab using Guid(b318fabc73446b746a1005cede0c4ceb) Importer(815301076,1909f56bfc062723c751e8b465ee728b)  -> (artifact id: '3604ea6415f2d96be51901edd10b33b2') in 0.037945 seconds
  Import took 0.044818 seconds .

========================================================================
Received Import Request.
  Time since last request: 21.330291 seconds.
  path: Assets/FPS/Prefabs/Weapons/Weapon_Blaster.prefab
  artifactKey: Guid(b318fabc73446b746a1005cede0c4ceb) Importer(815301076,1909f56bfc062723c751e8b465ee728b)
Start importing Assets/FPS/Prefabs/Weapons/Weapon_Blaster.prefab using Guid(b318fabc73446b746a1005cede0c4ceb) Importer(815301076,1909f56bfc062723c751e8b465ee728b)  -> (artifact id: 'ee239533e3d47db2fa3b02b05aa10fa7') in 0.038186 seconds
  Import took 0.046022 seconds .

========================================================================
Received Import Request.
  Time since last request: 2.711043 seconds.
  path: Assets/FPS/Prefabs/Weapons/Weapon_Blaster.prefab
  artifactKey: Guid(b318fabc73446b746a1005cede0c4ceb) Importer(815301076,1909f56bfc062723c751e8b465ee728b)
Start importing Assets/FPS/Prefabs/Weapons/Weapon_Blaster.prefab using Guid(b318fabc73446b746a1005cede0c4ceb) Importer(815301076,1909f56bfc062723c751e8b465ee728b)  -> (artifact id: '63306c6f45346e7dccaf2f1b5d10c1cd') in 0.038927 seconds
  Import took 0.047185 seconds .

========================================================================
Received Import Request.
  Time since last request: 21.593637 seconds.
  path: Assets/FPS/Prefabs/Weapons/Weapon_Blaster.prefab
  artifactKey: Guid(b318fabc73446b746a1005cede0c4ceb) Importer(815301076,1909f56bfc062723c751e8b465ee728b)
Start importing Assets/FPS/Prefabs/Weapons/Weapon_Blaster.prefab using Guid(b318fabc73446b746a1005cede0c4ceb) Importer(815301076,1909f56bfc062723c751e8b465ee728b)  -> (artifact id: '8b700d522c78ae58f98ee773c7b642b8') in 0.038310 seconds
  Import took 0.044842 seconds .

========================================================================
Received Import Request.
  Time since last request: 6.159478 seconds.
  path: Assets/FPS/Prefabs/Weapons/Weapon_Blaster.prefab
  artifactKey: Guid(b318fabc73446b746a1005cede0c4ceb) Importer(815301076,1909f56bfc062723c751e8b465ee728b)
Start importing Assets/FPS/Prefabs/Weapons/Weapon_Blaster.prefab using Guid(b318fabc73446b746a1005cede0c4ceb) Importer(815301076,1909f56bfc062723c751e8b465ee728b)  -> (artifact id: '2d3f9b46f27b01caabd1e8c16b847fc0') in 0.037207 seconds
  Import took 0.043411 seconds .

========================================================================
Received Import Request.
  Time since last request: 9.471266 seconds.
  path: Assets/FPS/Prefabs/Weapons/Weapon_Blaster.prefab
  artifactKey: Guid(b318fabc73446b746a1005cede0c4ceb) Importer(815301076,1909f56bfc062723c751e8b465ee728b)
Start importing Assets/FPS/Prefabs/Weapons/Weapon_Blaster.prefab using Guid(b318fabc73446b746a1005cede0c4ceb) Importer(815301076,1909f56bfc062723c751e8b465ee728b)  -> (artifact id: '73068c6b50f8a522689d110ca3b143ef') in 0.032817 seconds
  Import took 0.039511 seconds .

========================================================================
Received Import Request.
  Time since last request: 4.960989 seconds.
  path: Assets/FPS/Prefabs/Weapons/Weapon_Blaster.prefab
  artifactKey: Guid(b318fabc73446b746a1005cede0c4ceb) Importer(815301076,1909f56bfc062723c751e8b465ee728b)
Start importing Assets/FPS/Prefabs/Weapons/Weapon_Blaster.prefab using Guid(b318fabc73446b746a1005cede0c4ceb) Importer(815301076,1909f56bfc062723c751e8b465ee728b)  -> (artifact id: '7f9b0ee183782f9bfdf182cc059758dc') in 0.039895 seconds
  Import took 0.047347 seconds .

========================================================================
Received Import Request.
  Time since last request: 44.634719 seconds.
  path: Assets/FPS/Prefabs/Weapons/Weapon_Blaster.prefab
  artifactKey: Guid(b318fabc73446b746a1005cede0c4ceb) Importer(815301076,1909f56bfc062723c751e8b465ee728b)
Start importing Assets/FPS/Prefabs/Weapons/Weapon_Blaster.prefab using Guid(b318fabc73446b746a1005cede0c4ceb) Importer(815301076,1909f56bfc062723c751e8b465ee728b)  -> (artifact id: 'aee8aaf8935661e278abfea77721271d') in 0.038572 seconds
  Import took 0.046509 seconds .

========================================================================
Received Import Request.
  Time since last request: 7.695981 seconds.
  path: Assets/FPS/Prefabs/Weapons/Weapon_Blaster.prefab
  artifactKey: Guid(b318fabc73446b746a1005cede0c4ceb) Importer(815301076,1909f56bfc062723c751e8b465ee728b)
Start importing Assets/FPS/Prefabs/Weapons/Weapon_Blaster.prefab using Guid(b318fabc73446b746a1005cede0c4ceb) Importer(815301076,1909f56bfc062723c751e8b465ee728b)  -> (artifact id: '273173e627c2da35a7ce10e093133fd8') in 0.036478 seconds
  Import took 0.043055 seconds .

========================================================================
Received Prepare
Registering precompiled user dll's ...
Registered in 0.008568 seconds.
Begin MonoManager ReloadAssembly
Native extension for WindowsStandalone target not found
Native extension for WebGL target not found
Refreshing native plugins compatible for Editor in 0.68 ms, found 2 plugins.
Preloading 0 native plugins for Editor in 0.00 ms.
Invoked RoslynAnalysisRunner static constructor.
RoslynAnalysisRunner will not be running.
RoslynAnalysisRunner has terminated.
Mono: successfully reloaded assembly
- Completed reload, in  1.801 seconds
Platform modules already initialized, skipping
Refreshing native plugins compatible for Editor in 0.58 ms, found 2 plugins.
Preloading 0 native plugins for Editor in 0.00 ms.
Unloading 2000 Unused Serialized files (Serialized files now loaded: 0)
System memory in use before: 162.5 MB.
System memory in use after: 162.5 MB.

Unloading 16 unused Assets to reduce memory usage. Loaded Objects now: 2486.
Total: 3.311400 ms (FindLiveObjects: 0.352900 ms CreateObjectMapping: 0.065900 ms MarkObjects: 2.786500 ms  DeleteObjects: 0.104600 ms)

========================================================================
Received Import Request.
  Time since last request: 154.886369 seconds.
  path: Assets/FPS/Art/Materials/VFX/GunCylinders.mat
  artifactKey: Guid(170a8a9edf248d642990ead8020b8f0c) Importer(815301076,1909f56bfc062723c751e8b465ee728b)
Start importing Assets/FPS/Art/Materials/VFX/GunCylinders.mat using Guid(170a8a9edf248d642990ead8020b8f0c) Importer(815301076,1909f56bfc062723c751e8b465ee728b)  -> (artifact id: '811d77846043fd8ba3a43ad2de76e106') in 0.175284 seconds
  Import took 0.181461 seconds .

========================================================================
Received Import Request.
  Time since last request: 30.967129 seconds.
  path: Assets/FPS/Art/Materials/VFX/SmokeOverheat.mat
  artifactKey: Guid(c0c800bf948180345ad0ef9380a6851f) Importer(815301076,1909f56bfc062723c751e8b465ee728b)
Start importing Assets/FPS/Art/Materials/VFX/SmokeOverheat.mat using Guid(c0c800bf948180345ad0ef9380a6851f) Importer(815301076,1909f56bfc062723c751e8b465ee728b)  -> (artifact id: '7a6680211e466d9f6d789122229386fa') in 0.016444 seconds
  Import took 0.025017 seconds .

========================================================================
Received Import Request.
  Time since last request: 0.002603 seconds.
  path: Assets/FPS/Art/Materials/VFX/SmokeOverheat.mat
  artifactKey: Guid(c0c800bf948180345ad0ef9380a6851f) Importer(815301076,1909f56bfc062723c751e8b465ee728b)
Start importing Assets/FPS/Art/Materials/VFX/SmokeOverheat.mat using Guid(c0c800bf948180345ad0ef9380a6851f) Importer(815301076,1909f56bfc062723c751e8b465ee728b)  -> (artifact id: '7a6680211e466d9f6d789122229386fa') in 0.015283 seconds
  Import took 0.021086 seconds .

========================================================================
Received Import Request.
  Time since last request: 216.898291 seconds.
  path: Assets/FPS/Prefabs/Weapons/Weapon_Blaster 1.prefab
  artifactKey: Guid(69b8d31b2c44df84d804dac608d3107c) Importer(815301076,1909f56bfc062723c751e8b465ee728b)
Start importing Assets/FPS/Prefabs/Weapons/Weapon_Blaster 1.prefab using Guid(69b8d31b2c44df84d804dac608d3107c) Importer(815301076,1909f56bfc062723c751e8b465ee728b)  -> (artifact id: '5084fa3d08be24e2bae07ef6cbd2bfbb') in 0.083923 seconds
  Import took 0.093902 seconds .

========================================================================
Received Import Request.
  Time since last request: 30.881294 seconds.
  path: Assets/FPS/Prefabs/Weapons/Weapon_Blaster 1.prefab
  artifactKey: Guid(69b8d31b2c44df84d804dac608d3107c) Importer(815301076,1909f56bfc062723c751e8b465ee728b)
Start importing Assets/FPS/Prefabs/Weapons/Weapon_Blaster 1.prefab using Guid(69b8d31b2c44df84d804dac608d3107c) Importer(815301076,1909f56bfc062723c751e8b465ee728b)  -> (artifact id: 'd985eca5692456a7da3148b1ee7bfe14') in 0.038993 seconds
  Import took 0.044978 seconds .

========================================================================
Received Import Request.
  Time since last request: 6.552964 seconds.
  path: Assets/FPS/Prefabs/Weapons/Weapon_Blaster 1.prefab
  artifactKey: Guid(69b8d31b2c44df84d804dac608d3107c) Importer(815301076,1909f56bfc062723c751e8b465ee728b)
Start importing Assets/FPS/Prefabs/Weapons/Weapon_Blaster 1.prefab using Guid(69b8d31b2c44df84d804dac608d3107c) Importer(815301076,1909f56bfc062723c751e8b465ee728b)  -> (artifact id: '47d338138054f68959810e9397e69d8e') in 0.042674 seconds
  Import took 0.049149 seconds .

========================================================================
Received Import Request.
  Time since last request: 6.702758 seconds.
  path: Assets/FPS/Prefabs/Weapons/Weapon_Blaster 1.prefab
  artifactKey: Guid(69b8d31b2c44df84d804dac608d3107c) Importer(815301076,1909f56bfc062723c751e8b465ee728b)
Start importing Assets/FPS/Prefabs/Weapons/Weapon_Blaster 1.prefab using Guid(69b8d31b2c44df84d804dac608d3107c) Importer(815301076,1909f56bfc062723c751e8b465ee728b)  -> (artifact id: 'bb62c1b91b33cd65d5c0121af95cf9f4') in 0.037061 seconds
  Import took 0.044294 seconds .

========================================================================
Received Import Request.
  Time since last request: 12.481110 seconds.
  path: Assets/FPS/Prefabs/Weapons/Weapon_Blaster 1.prefab
  artifactKey: Guid(69b8d31b2c44df84d804dac608d3107c) Importer(815301076,1909f56bfc062723c751e8b465ee728b)
Start importing Assets/FPS/Prefabs/Weapons/Weapon_Blaster 1.prefab using Guid(69b8d31b2c44df84d804dac608d3107c) Importer(815301076,1909f56bfc062723c751e8b465ee728b)  -> (artifact id: '497780a2ac3ddcb9cf897e4fdaace576') in 0.035813 seconds
  Import took 0.046174 seconds .

========================================================================
Received Import Request.
  Time since last request: 15.067688 seconds.
  path: Assets/FPS/Prefabs/Weapons/Weapon_Blaster 1.prefab
  artifactKey: Guid(69b8d31b2c44df84d804dac608d3107c) Importer(815301076,1909f56bfc062723c751e8b465ee728b)
Start importing Assets/FPS/Prefabs/Weapons/Weapon_Blaster 1.prefab using Guid(69b8d31b2c44df84d804dac608d3107c) Importer(815301076,1909f56bfc062723c751e8b465ee728b)  -> (artifact id: '097b1d8ef28638009aa43e13d026fd0f') in 0.035915 seconds
  Import took 0.043389 seconds .

========================================================================
Received Import Request.
  Time since last request: 32.398047 seconds.
  path: Assets/FPS/Prefabs/Weapons/Weapon_Blaster 1.prefab
  artifactKey: Guid(69b8d31b2c44df84d804dac608d3107c) Importer(815301076,1909f56bfc062723c751e8b465ee728b)
Start importing Assets/FPS/Prefabs/Weapons/Weapon_Blaster 1.prefab using Guid(69b8d31b2c44df84d804dac608d3107c) Importer(815301076,1909f56bfc062723c751e8b465ee728b)  -> (artifact id: '65446cdec27a117302ad5dc097c1c196') in 0.037918 seconds
  Import took 0.044627 seconds .

========================================================================
Received Import Request.
  Time since last request: 11.578518 seconds.
  path: Assets/FPS/Prefabs/Weapons/Weapon_Blaster 1.prefab
  artifactKey: Guid(69b8d31b2c44df84d804dac608d3107c) Importer(815301076,1909f56bfc062723c751e8b465ee728b)
Start importing Assets/FPS/Prefabs/Weapons/Weapon_Blaster 1.prefab using Guid(69b8d31b2c44df84d804dac608d3107c) Importer(815301076,1909f56bfc062723c751e8b465ee728b)  -> (artifact id: '088bdbd6ca695b343553c62a4ebef133') in 0.039968 seconds
  Import took 0.047163 seconds .

========================================================================
Received Prepare
Registering precompiled user dll's ...
Registered in 0.007634 seconds.
Begin MonoManager ReloadAssembly
Native extension for WindowsStandalone target not found
Native extension for WebGL target not found
Refreshing native plugins compatible for Editor in 1.84 ms, found 2 plugins.
Preloading 0 native plugins for Editor in 0.00 ms.
Invoked RoslynAnalysisRunner static constructor.
RoslynAnalysisRunner will not be running.
RoslynAnalysisRunner has terminated.
Mono: successfully reloaded assembly
- Completed reload, in  2.892 seconds
Platform modules already initialized, skipping
Refreshing native plugins compatible for Editor in 1.66 ms, found 2 plugins.
Preloading 0 native plugins for Editor in 0.00 ms.
Unloading 2000 Unused Serialized files (Serialized files now loaded: 0)
System memory in use before: 162.7 MB.
System memory in use after: 162.8 MB.

Unloading 16 unused Assets to reduce memory usage. Loaded Objects now: 2522.
Total: 5.981400 ms (FindLiveObjects: 0.864200 ms CreateObjectMapping: 0.150900 ms MarkObjects: 4.838300 ms  DeleteObjects: 0.124800 ms)

========================================================================
Received Import Request.
  Time since last request: 24.376609 seconds.
  path: Assets/FPS/Prefabs/Weapons/Weapon_Blaster 1.prefab
  artifactKey: Guid(69b8d31b2c44df84d804dac608d3107c) Importer(815301076,1909f56bfc062723c751e8b465ee728b)
Start importing Assets/FPS/Prefabs/Weapons/Weapon_Blaster 1.prefab using Guid(69b8d31b2c44df84d804dac608d3107c) Importer(815301076,1909f56bfc062723c751e8b465ee728b)  -> (artifact id: '370d2deca021a5d852fefdbdf93344c9') in 0.166797 seconds
  Import took 0.182806 seconds .

========================================================================
Received Import Request.
  Time since last request: 92.497742 seconds.
  path: Assets/FPS/Prefabs/Weapons/Weapon_Blaster 1.prefab
  artifactKey: Guid(69b8d31b2c44df84d804dac608d3107c) Importer(815301076,1909f56bfc062723c751e8b465ee728b)
Start importing Assets/FPS/Prefabs/Weapons/Weapon_Blaster 1.prefab using Guid(69b8d31b2c44df84d804dac608d3107c) Importer(815301076,1909f56bfc062723c751e8b465ee728b)  -> (artifact id: '1a06d37c7833cfded2f7ad2c83e7110c') in 0.038813 seconds
  Import took 0.046440 seconds .

========================================================================
Received Import Request.
  Time since last request: 4.573527 seconds.
  path: Assets/FPS/Prefabs/Weapons/Weapon_Blaster 1.prefab
  artifactKey: Guid(69b8d31b2c44df84d804dac608d3107c) Importer(815301076,1909f56bfc062723c751e8b465ee728b)
Start importing Assets/FPS/Prefabs/Weapons/Weapon_Blaster 1.prefab using Guid(69b8d31b2c44df84d804dac608d3107c) Importer(815301076,1909f56bfc062723c751e8b465ee728b)  -> (artifact id: '734ba5c0f6149470fe0ea2aeb224b90f') in 0.040075 seconds
  Import took 0.046456 seconds .

========================================================================
Received Import Request.
  Time since last request: 11.289195 seconds.
  path: Assets/FPS/Prefabs/Weapons/Weapon_Blaster 1.prefab
  artifactKey: Guid(69b8d31b2c44df84d804dac608d3107c) Importer(815301076,1909f56bfc062723c751e8b465ee728b)
Start importing Assets/FPS/Prefabs/Weapons/Weapon_Blaster 1.prefab using Guid(69b8d31b2c44df84d804dac608d3107c) Importer(815301076,1909f56bfc062723c751e8b465ee728b)  -> (artifact id: '973b5a8dc2d7252cd6ebfdfa5f149a5d') in 0.039246 seconds
  Import took 0.049180 seconds .

========================================================================
Received Import Request.
  Time since last request: 2.661659 seconds.
  path: Assets/FPS/Prefabs/Weapons/Weapon_Blaster 1.prefab
  artifactKey: Guid(69b8d31b2c44df84d804dac608d3107c) Importer(815301076,1909f56bfc062723c751e8b465ee728b)
Start importing Assets/FPS/Prefabs/Weapons/Weapon_Blaster 1.prefab using Guid(69b8d31b2c44df84d804dac608d3107c) Importer(815301076,1909f56bfc062723c751e8b465ee728b)  -> (artifact id: 'f413024159ae80129838f6e878887a89') in 0.038623 seconds
  Import took 0.045607 seconds .

========================================================================
Received Import Request.
  Time since last request: 1.036536 seconds.
  path: Assets/FPS/Prefabs/Weapons/Weapon_Blaster 1.prefab
  artifactKey: Guid(69b8d31b2c44df84d804dac608d3107c) Importer(815301076,1909f56bfc062723c751e8b465ee728b)
Start importing Assets/FPS/Prefabs/Weapons/Weapon_Blaster 1.prefab using Guid(69b8d31b2c44df84d804dac608d3107c) Importer(815301076,1909f56bfc062723c751e8b465ee728b)  -> (artifact id: '63ce23b450f6c465515406ec4cd586bc') in 0.035117 seconds
  Import took 0.043391 seconds .

========================================================================
Received Import Request.
  Time since last request: 65.133588 seconds.
  path: Assets/FPS/Art/Textures/UI/HUD_Weapon01.png
  artifactKey: Guid(cab1398a10b307b44b0ffeb0eef23254) Importer(815301076,1909f56bfc062723c751e8b465ee728b)
Start importing Assets/FPS/Art/Textures/UI/HUD_Weapon01.png using Guid(cab1398a10b307b44b0ffeb0eef23254) Importer(815301076,1909f56bfc062723c751e8b465ee728b)  -> (artifact id: '642354dcfb47f53c01e37327364fe297') in 0.056438 seconds
  Import took 0.061403 seconds .

========================================================================
Received Import Request.
  Time since last request: 0.000429 seconds.
  path: Assets/FPS/Audio/SFX/Pickups/Pickup_Weapon_Small.wav
  artifactKey: Guid(7b83d61917ac1224f942a0609b1221f2) Importer(815301076,1909f56bfc062723c751e8b465ee728b)
Start importing Assets/FPS/Audio/SFX/Pickups/Pickup_Weapon_Small.wav using Guid(7b83d61917ac1224f942a0609b1221f2) Importer(815301076,1909f56bfc062723c751e8b465ee728b)  -> (artifact id: '63f140a27030a8233534d782a7819899') in 0.091290 seconds
  Import took 0.096708 seconds .

========================================================================
Received Import Request.
  Time since last request: 0.000367 seconds.
  path: Assets/FPS/Art/Textures/UI/HUD_Weapon02.png
  artifactKey: Guid(8cbb10368086f014a8b7fc8932e7f436) Importer(815301076,1909f56bfc062723c751e8b465ee728b)
Start importing Assets/FPS/Art/Textures/UI/HUD_Weapon02.png using Guid(8cbb10368086f014a8b7fc8932e7f436) Importer(815301076,1909f56bfc062723c751e8b465ee728b)  -> (artifact id: '96632dc8d9bc4458b07608e378710512') in 0.014575 seconds
  Import took 0.020164 seconds .

========================================================================
Received Import Request.
  Time since last request: 0.000496 seconds.
  path: Assets/FPS/Audio/SFX/Weapons/Weapon_Cooling.wav
  artifactKey: Guid(93331a7c9fe98494a84f18effb358899) Importer(815301076,1909f56bfc062723c751e8b465ee728b)
Start importing Assets/FPS/Audio/SFX/Weapons/Weapon_Cooling.wav using Guid(93331a7c9fe98494a84f18effb358899) Importer(815301076,1909f56bfc062723c751e8b465ee728b)  -> (artifact id: 'f2bde76724eb0bd0627169aeb7c65cb5') in 0.013378 seconds
  Import took 0.018642 seconds .

========================================================================
Received Import Request.
  Time since last request: 0.000387 seconds.
  path: Assets/FPS/Art/Materials/Weapons/WeaponBlaster.mat
  artifactKey: Guid(378d0d996297d3146b8a2ec85e9065ab) Importer(815301076,1909f56bfc062723c751e8b465ee728b)
Start importing Assets/FPS/Art/Materials/Weapons/WeaponBlaster.mat using Guid(378d0d996297d3146b8a2ec85e9065ab) Importer(815301076,1909f56bfc062723c751e8b465ee728b)  -> (artifact id: 'a6abdf0a72a9fc1dc77168b0ca6449ca') in 0.129480 seconds
  Import took 0.135152 seconds .

========================================================================
Received Import Request.
  Time since last request: 0.000468 seconds.
  path: Assets/FPS/Art/Textures/UI/HUD_Weapon01.png
  artifactKey: Guid(cab1398a10b307b44b0ffeb0eef23254) Importer(815301076,1909f56bfc062723c751e8b465ee728b)
Start importing Assets/FPS/Art/Textures/UI/HUD_Weapon01.png using Guid(cab1398a10b307b44b0ffeb0eef23254) Importer(815301076,1909f56bfc062723c751e8b465ee728b)  -> (artifact id: '642354dcfb47f53c01e37327364fe297') in 0.014650 seconds
  Import took 0.019813 seconds .

========================================================================
Received Import Request.
  Time since last request: 0.000466 seconds.
  path: Assets/FPS/Audio/SFX/Pickups/Pickup_Weapon_Medium.wav
  artifactKey: Guid(6f3e0904bbbace745bdef08cdbcdfec0) Importer(815301076,1909f56bfc062723c751e8b465ee728b)
Start importing Assets/FPS/Audio/SFX/Pickups/Pickup_Weapon_Medium.wav using Guid(6f3e0904bbbace745bdef08cdbcdfec0) Importer(815301076,1909f56bfc062723c751e8b465ee728b)  -> (artifact id: 'faf3e9f6fa253d15bc8630255ae7b260') in 0.017019 seconds
  Import took 0.023382 seconds .

========================================================================
Received Import Request.
  Time since last request: 0.000500 seconds.
  path: Assets/FPS/Art/Textures/UI/HUD_Weapon03.png
  artifactKey: Guid(3c187e19c32c13542ba8a0c1a3a88ece) Importer(815301076,1909f56bfc062723c751e8b465ee728b)
Start importing Assets/FPS/Art/Textures/UI/HUD_Weapon03.png using Guid(3c187e19c32c13542ba8a0c1a3a88ece) Importer(815301076,1909f56bfc062723c751e8b465ee728b)  -> (artifact id: '6b03e5abcdb98711c01fda9d07cc3515') in 0.013729 seconds
  Import took 0.019896 seconds .

========================================================================
Received Import Request.
  Time since last request: 1.761133 seconds.
  path: Assets/FPS/Art/Materials/Weapons/WeaponPistol.mat
  artifactKey: Guid(0c55f53a7bb3c354ababeb18b89c2fce) Importer(815301076,1909f56bfc062723c751e8b465ee728b)
Start importing Assets/FPS/Art/Materials/Weapons/WeaponPistol.mat using Guid(0c55f53a7bb3c354ababeb18b89c2fce) Importer(815301076,1909f56bfc062723c751e8b465ee728b)  -> (artifact id: '44f9df78e218369649f2a40b65347813') in 0.016757 seconds
  Import took 0.022186 seconds .

========================================================================
Received Import Request.
  Time since last request: 0.000445 seconds.
  path: Assets/FPS/Art/Materials/Weapons/WeaponPistol_Transparent.mat
  artifactKey: Guid(ad562f26d8dd3e34d9fd70367f5d6f14) Importer(815301076,1909f56bfc062723c751e8b465ee728b)
Start importing Assets/FPS/Art/Materials/Weapons/WeaponPistol_Transparent.mat using Guid(ad562f26d8dd3e34d9fd70367f5d6f14) Importer(815301076,1909f56bfc062723c751e8b465ee728b)  -> (artifact id: '3e3a5971ba75752fb8e5368e8e9e3f3b') in 0.017949 seconds
  Import took 0.023686 seconds .

========================================================================
Received Prepare
Registering precompiled user dll's ...
Registered in 0.010729 seconds.
Begin MonoManager ReloadAssembly
Native extension for WindowsStandalone target not found
Native extension for WebGL target not found
Refreshing native plugins compatible for Editor in 0.73 ms, found 2 plugins.
Preloading 0 native plugins for Editor in 0.00 ms.
Invoked RoslynAnalysisRunner static constructor.
RoslynAnalysisRunner will not be running.
RoslynAnalysisRunner has terminated.
Mono: successfully reloaded assembly
- Completed reload, in  1.769 seconds
Platform modules already initialized, skipping
Refreshing native plugins compatible for Editor in 0.65 ms, found 2 plugins.
Preloading 0 native plugins for Editor in 0.00 ms.
Unloading 2000 Unused Serialized files (Serialized files now loaded: 0)
System memory in use before: 162.9 MB.
System memory in use after: 162.9 MB.

Unloading 16 unused Assets to reduce memory usage. Loaded Objects now: 2530.
Total: 3.523000 ms (FindLiveObjects: 0.418900 ms CreateObjectMapping: 0.119100 ms MarkObjects: 2.877200 ms  DeleteObjects: 0.106200 ms)

========================================================================
Received Import Request.
  Time since last request: 459.547129 seconds.
  path: Assets/FPS/Prefabs/Projectiles
  artifactKey: Guid(515c825cf8783a4478e533bc8620ab12) Importer(815301076,1909f56bfc062723c751e8b465ee728b)
Start importing Assets/FPS/Prefabs/Projectiles using Guid(515c825cf8783a4478e533bc8620ab12) Importer(815301076,1909f56bfc062723c751e8b465ee728b)  -> (artifact id: 'cb70fdf433cc09479636d0e3801c9cd3') in 0.047253 seconds
  Import took 0.052592 seconds .

========================================================================
Received Import Request.
  Time since last request: 4.031801 seconds.
  path: Assets/FPS/Prefabs/Projectiles/LeonsProjectile.prefab
  artifactKey: Guid(9bcf2c26f96d2e94eb5dea47b63d6322) Importer(815301076,1909f56bfc062723c751e8b465ee728b)
Start importing Assets/FPS/Prefabs/Projectiles/LeonsProjectile.prefab using Guid(9bcf2c26f96d2e94eb5dea47b63d6322) Importer(815301076,1909f56bfc062723c751e8b465ee728b)  -> (artifact id: '9b46353bbbc143f9099997c63d2f2611') in 0.036249 seconds
  Import took 0.041664 seconds .

========================================================================
Received Import Request.
  Time since last request: 0.010427 seconds.
  path: Assets/FPS/Prefabs/Projectiles/LeonsProjectile.prefab
  artifactKey: Guid(9bcf2c26f96d2e94eb5dea47b63d6322) Importer(815301076,1909f56bfc062723c751e8b465ee728b)
Start importing Assets/FPS/Prefabs/Projectiles/LeonsProjectile.prefab using Guid(9bcf2c26f96d2e94eb5dea47b63d6322) Importer(815301076,1909f56bfc062723c751e8b465ee728b)  -> (artifact id: '9b46353bbbc143f9099997c63d2f2611') in 0.006246 seconds
  Import took 0.011038 seconds .

========================================================================
Received Import Request.
  Time since last request: 9.179214 seconds.
  path: Assets/FPS/Prefabs/Projectiles/LeonsProjectile.prefab
  artifactKey: Guid(9bcf2c26f96d2e94eb5dea47b63d6322) Importer(815301076,1909f56bfc062723c751e8b465ee728b)
Start importing Assets/FPS/Prefabs/Projectiles/LeonsProjectile.prefab using Guid(9bcf2c26f96d2e94eb5dea47b63d6322) Importer(815301076,1909f56bfc062723c751e8b465ee728b)  -> (artifact id: 'b70736268ce510b6a3c28858100d9b98') in 0.007403 seconds
  Import took 0.014598 seconds .

========================================================================
Received Import Request.
  Time since last request: 0.398718 seconds.
  path: Assets/FPS/Prefabs/Projectiles/LeonsProjectile.prefab
  artifactKey: Guid(9bcf2c26f96d2e94eb5dea47b63d6322) Importer(815301076,1909f56bfc062723c751e8b465ee728b)
Start importing Assets/FPS/Prefabs/Projectiles/LeonsProjectile.prefab using Guid(9bcf2c26f96d2e94eb5dea47b63d6322) Importer(815301076,1909f56bfc062723c751e8b465ee728b)  -> (artifact id: 'ae5852e2945a8abcfbbb2293ec575e44') in 0.006259 seconds
  Import took 0.011082 seconds .

========================================================================
Received Import Request.
  Time since last request: 1.980993 seconds.
  path: Assets/FPS/Prefabs/Projectiles/LeonsProjectile.prefab
  artifactKey: Guid(9bcf2c26f96d2e94eb5dea47b63d6322) Importer(815301076,1909f56bfc062723c751e8b465ee728b)
Start importing Assets/FPS/Prefabs/Projectiles/LeonsProjectile.prefab using Guid(9bcf2c26f96d2e94eb5dea47b63d6322) Importer(815301076,1909f56bfc062723c751e8b465ee728b)  -> (artifact id: 'e351487d4ba5da0f2e773fafb09c293a') in 0.008117 seconds
  Import took 0.014155 seconds .

========================================================================
Received Import Request.
  Time since last request: 37.952514 seconds.
  path: Assets/FPS/Prefabs/Projectiles/LeonsProjectile.prefab
  artifactKey: Guid(9bcf2c26f96d2e94eb5dea47b63d6322) Importer(815301076,1909f56bfc062723c751e8b465ee728b)
Start importing Assets/FPS/Prefabs/Projectiles/LeonsProjectile.prefab using Guid(9bcf2c26f96d2e94eb5dea47b63d6322) Importer(815301076,1909f56bfc062723c751e8b465ee728b)  -> (artifact id: '596081a2767640f2331071f3bf7b4358') in 0.010057 seconds
  Import took 0.016704 seconds .

========================================================================
Received Import Request.
  Time since last request: 42.757462 seconds.
  path: Assets/ModAssets/Models/NatureProps
  artifactKey: Guid(c007a1097e167724aa0292167ff2d3b1) Importer(815301076,1909f56bfc062723c751e8b465ee728b)
Start importing Assets/ModAssets/Models/NatureProps using Guid(c007a1097e167724aa0292167ff2d3b1) Importer(815301076,1909f56bfc062723c751e8b465ee728b)  -> (artifact id: '57ae50fe17e8b950976a2e605d5936d2') in 0.009146 seconds
  Import took 0.016490 seconds .

========================================================================
Received Import Request.
  Time since last request: 0.110727 seconds.
  path: Assets/ModAssets/Models/NatureProps/Cactus.fbx
  artifactKey: Guid(abd8d6df37cf14c4485291b3d13cd460) Importer(815301076,1909f56bfc062723c751e8b465ee728b)
Start importing Assets/ModAssets/Models/NatureProps/Cactus.fbx using Guid(abd8d6df37cf14c4485291b3d13cd460) Importer(815301076,1909f56bfc062723c751e8b465ee728b)  -> (artifact id: '4329c042c0f00a1186e588e051d7c2ee') in 0.201588 seconds
  Import took 0.206877 seconds .

========================================================================
Received Import Request.
  Time since last request: 0.000432 seconds.
  path: Assets/ModAssets/Models/NatureProps/FlowerBush.fbx
  artifactKey: Guid(decf25da566de433cb1a874aa0e6dd00) Importer(815301076,1909f56bfc062723c751e8b465ee728b)
Start importing Assets/ModAssets/Models/NatureProps/FlowerBush.fbx using Guid(decf25da566de433cb1a874aa0e6dd00) Importer(815301076,1909f56bfc062723c751e8b465ee728b)  -> (artifact id: '5d8bf760d8492f6083fe5cdb67476081') in 0.038167 seconds
  Import took 0.046043 seconds .

========================================================================
Received Import Request.
  Time since last request: 0.002671 seconds.
  path: Assets/ModAssets/Models/NatureProps/FallenTree.fbx
  artifactKey: Guid(eaf3edd0ef88ac84c970b62f673ed6b0) Importer(815301076,1909f56bfc062723c751e8b465ee728b)
Start importing Assets/ModAssets/Models/NatureProps/FallenTree.fbx using Guid(eaf3edd0ef88ac84c970b62f673ed6b0) Importer(815301076,1909f56bfc062723c751e8b465ee728b)  -> (artifact id: '8f3670ff8b334d52678242f01449ff9a') in 0.030968 seconds
  Import took 0.036402 seconds .

========================================================================
Received Import Request.
  Time since last request: 0.000470 seconds.
  path: Assets/ModAssets/Models/NatureProps/FirTree.fbx
  artifactKey: Guid(5fc0e3d37ec294384aaa0b18e537ff86) Importer(815301076,1909f56bfc062723c751e8b465ee728b)
Start importing Assets/ModAssets/Models/NatureProps/FirTree.fbx using Guid(5fc0e3d37ec294384aaa0b18e537ff86) Importer(815301076,1909f56bfc062723c751e8b465ee728b)  -> (artifact id: 'c023cac23a0a52b7c588dfcb0108bbd7') in 0.038624 seconds
  Import took 0.045547 seconds .

========================================================================
Received Import Request.
  Time since last request: 0.000521 seconds.
  path: Assets/ModAssets/Models/NatureProps/FallenTree.fbx
  artifactKey: Guid(eaf3edd0ef88ac84c970b62f673ed6b0) Importer(815301076,1909f56bfc062723c751e8b465ee728b)
Start importing Assets/ModAssets/Models/NatureProps/FallenTree.fbx using Guid(eaf3edd0ef88ac84c970b62f673ed6b0) Importer(815301076,1909f56bfc062723c751e8b465ee728b)  -> (artifact id: '8f3670ff8b334d52678242f01449ff9a') in 0.026432 seconds
  Import took 0.030750 seconds .

========================================================================
Received Import Request.
  Time since last request: 0.000501 seconds.
  path: Assets/ModAssets/Models/NatureProps/PalmTree.fbx
  artifactKey: Guid(ae36130ee9b994114b35ece84c158fdc) Importer(815301076,1909f56bfc062723c751e8b465ee728b)
Start importing Assets/ModAssets/Models/NatureProps/PalmTree.fbx using Guid(ae36130ee9b994114b35ece84c158fdc) Importer(815301076,1909f56bfc062723c751e8b465ee728b)  -> (artifact id: '325146ef70542085759307806564197e') in 0.059854 seconds
  Import took 0.064871 seconds .

========================================================================
Received Import Request.
  Time since last request: 0.000387 seconds.
  path: Assets/ModAssets/Models/NatureProps/Mushroom.fbx
  artifactKey: Guid(403205f95f9214aa7a1f003ae7bd2333) Importer(815301076,1909f56bfc062723c751e8b465ee728b)
Start importing Assets/ModAssets/Models/NatureProps/Mushroom.fbx using Guid(403205f95f9214aa7a1f003ae7bd2333) Importer(815301076,1909f56bfc062723c751e8b465ee728b)  -> (artifact id: '79fb6eb08c1316a8abc6ff871d696d95') in 0.040392 seconds
  Import took 0.044555 seconds .

========================================================================
Received Import Request.
  Time since last request: 439.430495 seconds.
  path: Assets/FPS/Prefabs/Projectiles/LeonsProjectile.prefab
  artifactKey: Guid(9bcf2c26f96d2e94eb5dea47b63d6322) Importer(815301076,1909f56bfc062723c751e8b465ee728b)
Start importing Assets/FPS/Prefabs/Projectiles/LeonsProjectile.prefab using Guid(9bcf2c26f96d2e94eb5dea47b63d6322) Importer(815301076,1909f56bfc062723c751e8b465ee728b)  -> (artifact id: '29d4aecafd095c9469ee5a1b8a842f92') in 0.017462 seconds
  Import took 0.023474 seconds .

========================================================================
Received Import Request.
  Time since last request: 13.466927 seconds.
  path: Assets/FPS/Art/Textures/Weapons/Blaster_Albedo.png
  artifactKey: Guid(2c9688f40fc3cee4385095385978b2a1) Importer(815301076,1909f56bfc062723c751e8b465ee728b)
Start importing Assets/FPS/Art/Textures/Weapons/Blaster_Albedo.png using Guid(2c9688f40fc3cee4385095385978b2a1) Importer(815301076,1909f56bfc062723c751e8b465ee728b)  -> (artifact id: '0630981cb34da35e5a80483e902375be') in 0.021645 seconds
  Import took 0.031088 seconds .

========================================================================
Received Import Request.
  Time since last request: 0.000597 seconds.
  path: Assets/FPS/Art/Textures/UI/Crosshair_Blaster_Center.png
  artifactKey: Guid(2b5b80f3ebc88174a8c662e280fdb09c) Importer(815301076,1909f56bfc062723c751e8b465ee728b)
Start importing Assets/FPS/Art/Textures/UI/Crosshair_Blaster_Center.png using Guid(2b5b80f3ebc88174a8c662e280fdb09c) Importer(815301076,1909f56bfc062723c751e8b465ee728b)  -> (artifact id: '8e97ffac8357d5f95dfffe03af0c3ba9') in 0.031691 seconds
  Import took 0.039496 seconds .

========================================================================
Received Import Request.
  Time since last request: 0.000746 seconds.
  path: Assets/FPS/Prefabs/Pickups/Pickup_Blaster.prefab
  artifactKey: Guid(fe0bc5bbccc19ef47a15b81c0abbb779) Importer(815301076,1909f56bfc062723c751e8b465ee728b)
Start importing Assets/FPS/Prefabs/Pickups/Pickup_Blaster.prefab using Guid(fe0bc5bbccc19ef47a15b81c0abbb779) Importer(815301076,1909f56bfc062723c751e8b465ee728b)  -> (artifact id: 'dfa131829a45b996f5eaa51dcf5ffb0d') in 0.051433 seconds
  Import took 0.058853 seconds .

========================================================================
Received Import Request.
  Time since last request: 0.000393 seconds.
  path: Assets/FPS/Audio/SFX/Weapons/Blaster_Shot.wav
  artifactKey: Guid(53d2238f4c4b2aa4f8e559c7af9e0126) Importer(815301076,1909f56bfc062723c751e8b465ee728b)
Start importing Assets/FPS/Audio/SFX/Weapons/Blaster_Shot.wav using Guid(53d2238f4c4b2aa4f8e559c7af9e0126) Importer(815301076,1909f56bfc062723c751e8b465ee728b)  -> (artifact id: '88a5490d0a98dfc51860c995c4a4eae9') in 0.021568 seconds
  Import took 0.028728 seconds .

========================================================================
Received Import Request.
  Time since last request: 0.000447 seconds.
  path: Assets/FPS/Prefabs/Weapons/Weapon_Blaster 1.prefab
  artifactKey: Guid(69b8d31b2c44df84d804dac608d3107c) Importer(815301076,1909f56bfc062723c751e8b465ee728b)
Start importing Assets/FPS/Prefabs/Weapons/Weapon_Blaster 1.prefab using Guid(69b8d31b2c44df84d804dac608d3107c) Importer(815301076,1909f56bfc062723c751e8b465ee728b)  -> (artifact id: 'bb31dafb815afd57063abf96eacc4b07') in 0.041740 seconds
  Import took 0.051594 seconds .

========================================================================
Received Import Request.
  Time since last request: 0.000423 seconds.
  path: Assets/FPS/Art/Textures/Weapons/Blaster_MetallicSmooth.png
  artifactKey: Guid(1e3afee8a77520246b5e9d25112044aa) Importer(815301076,1909f56bfc062723c751e8b465ee728b)
Start importing Assets/FPS/Art/Textures/Weapons/Blaster_MetallicSmooth.png using Guid(1e3afee8a77520246b5e9d25112044aa) Importer(815301076,1909f56bfc062723c751e8b465ee728b)  -> (artifact id: '6519ee0707bf0c117fba4d086b1cf285') in 0.011960 seconds
  Import took 0.019422 seconds .

========================================================================
Received Import Request.
  Time since last request: 0.000535 seconds.
  path: Assets/FPS/Art/Textures/Weapons/Blaster_Emissive.png
  artifactKey: Guid(20b216283c466304b861dd810ff1afac) Importer(815301076,1909f56bfc062723c751e8b465ee728b)
Start importing Assets/FPS/Art/Textures/Weapons/Blaster_Emissive.png using Guid(20b216283c466304b861dd810ff1afac) Importer(815301076,1909f56bfc062723c751e8b465ee728b)  -> (artifact id: 'e52052b7913a265c7bca98cabdf5962a') in 0.015677 seconds
  Import took 0.022037 seconds .

========================================================================
Received Import Request.
  Time since last request: 0.000386 seconds.
  path: Assets/FPS/Art/Textures/Weapons/Blaster_Normal.png
  artifactKey: Guid(e36972727074c2140a88fcc791bef9ba) Importer(815301076,1909f56bfc062723c751e8b465ee728b)
Start importing Assets/FPS/Art/Textures/Weapons/Blaster_Normal.png using Guid(e36972727074c2140a88fcc791bef9ba) Importer(815301076,1909f56bfc062723c751e8b465ee728b)  -> (artifact id: '9184d99876fa40c42714bf900b91505c') in 0.020407 seconds
  Import took 0.027283 seconds .

========================================================================
Received Import Request.
  Time since last request: 0.000418 seconds.
  path: Assets/FPS/Art/Textures/UI/Crosshair_Blaster_Side.png
  artifactKey: Guid(e87f35a57d7a270469ddf9121f29d506) Importer(815301076,1909f56bfc062723c751e8b465ee728b)
Start importing Assets/FPS/Art/Textures/UI/Crosshair_Blaster_Side.png using Guid(e87f35a57d7a270469ddf9121f29d506) Importer(815301076,1909f56bfc062723c751e8b465ee728b)  -> (artifact id: '2b6a5114cb92b81948d4f200b2b8ef1e') in 0.017407 seconds
  Import took 0.027438 seconds .

========================================================================
Received Import Request.
  Time since last request: 0.000435 seconds.
  path: Assets/FPS/Art/Textures/Weapons/Blaster_AO.png
  artifactKey: Guid(9cd58a9aecb05e0469292eacbd6f6e13) Importer(815301076,1909f56bfc062723c751e8b465ee728b)
Start importing Assets/FPS/Art/Textures/Weapons/Blaster_AO.png using Guid(9cd58a9aecb05e0469292eacbd6f6e13) Importer(815301076,1909f56bfc062723c751e8b465ee728b)  -> (artifact id: 'f8537568428b346f0441c92aa2a55b89') in 0.012647 seconds
  Import took 0.019505 seconds .

========================================================================
Received Import Request.
  Time since last request: 6.673949 seconds.
  path: Assets/FPS/Art/Materials/Weapons/WeaponDisc.mat
  artifactKey: Guid(bbfadc30c17002448a215c8857fefa7a) Importer(815301076,1909f56bfc062723c751e8b465ee728b)
Start importing Assets/FPS/Art/Materials/Weapons/WeaponDisc.mat using Guid(bbfadc30c17002448a215c8857fefa7a) Importer(815301076,1909f56bfc062723c751e8b465ee728b)  -> (artifact id: '7215cf31dd83ca90cd5ef12e2915cc9d') in 0.021565 seconds
  Import took 0.028198 seconds .

========================================================================
Received Import Request.
  Time since last request: 0.000398 seconds.
  path: Assets/FPS/Art/Materials/Weapons/WeaponDisc_Transparent.mat
  artifactKey: Guid(9ae6d1cb1fd13ec4e956f81a56ceccfb) Importer(815301076,1909f56bfc062723c751e8b465ee728b)
Start importing Assets/FPS/Art/Materials/Weapons/WeaponDisc_Transparent.mat using Guid(9ae6d1cb1fd13ec4e956f81a56ceccfb) Importer(815301076,1909f56bfc062723c751e8b465ee728b)  -> (artifact id: 'e41c1d48cc8d3744dda9e31ca446f59c') in 0.019994 seconds
  Import took 0.029859 seconds .

========================================================================
Received Import Request.
  Time since last request: 0.000556 seconds.
  path: Assets/FPS/Art/Materials/Weapons/WeaponShotgun_Transparent.mat
  artifactKey: Guid(4427ba4d0feb17e499226c8bdccb35a5) Importer(815301076,1909f56bfc062723c751e8b465ee728b)
Start importing Assets/FPS/Art/Materials/Weapons/WeaponShotgun_Transparent.mat using Guid(4427ba4d0feb17e499226c8bdccb35a5) Importer(815301076,1909f56bfc062723c751e8b465ee728b)  -> (artifact id: '8f9599176bdde88f4d89011774ee3adc') in 0.018581 seconds
  Import took 0.023660 seconds .

========================================================================
Received Import Request.
  Time since last request: 0.000391 seconds.
  path: Assets/FPS/Art/Materials/Weapons/WeaponLauncher.mat
  artifactKey: Guid(22f11abeab840ed4c95b6e653f74f8ee) Importer(815301076,1909f56bfc062723c751e8b465ee728b)
Start importing Assets/FPS/Art/Materials/Weapons/WeaponLauncher.mat using Guid(22f11abeab840ed4c95b6e653f74f8ee) Importer(815301076,1909f56bfc062723c751e8b465ee728b)  -> (artifact id: '0be6d62c6d84cd57aaf2839a0f967382') in 0.017540 seconds
  Import took 0.024060 seconds .

========================================================================
Received Import Request.
  Time since last request: 0.000576 seconds.
  path: Assets/FPS/Art/Materials/Weapons/WeaponShotgun.mat
  artifactKey: Guid(011763291d1bfed4aaaf1719a71df141) Importer(815301076,1909f56bfc062723c751e8b465ee728b)
Start importing Assets/FPS/Art/Materials/Weapons/WeaponShotgun.mat using Guid(011763291d1bfed4aaaf1719a71df141) Importer(815301076,1909f56bfc062723c751e8b465ee728b)  -> (artifact id: 'a1ead36c932b0c4c5669602149958607') in 0.023442 seconds
  Import took 0.031321 seconds .

========================================================================
Received Import Request.
  Time since last request: 0.000480 seconds.
  path: Assets/FPS/Art/Materials/Weapons/WeaponPistol 1.mat
  artifactKey: Guid(f3e6eb4630118b847b0f1b1393f94e21) Importer(815301076,1909f56bfc062723c751e8b465ee728b)
Start importing Assets/FPS/Art/Materials/Weapons/WeaponPistol 1.mat using Guid(f3e6eb4630118b847b0f1b1393f94e21) Importer(815301076,1909f56bfc062723c751e8b465ee728b)  -> (artifact id: 'ea5435b934b6c6d05f13b96cd7cc5575') in 0.022527 seconds
  Import took 0.031533 seconds .

========================================================================
Received Import Request.
  Time since last request: 43.674757 seconds.
  path: Assets/FPS/Art/Textures/VFX/Projectile.bmp
  artifactKey: Guid(faa0a145c73a4f145bff07c03024ae3f) Importer(815301076,1909f56bfc062723c751e8b465ee728b)
Start importing Assets/FPS/Art/Textures/VFX/Projectile.bmp using Guid(faa0a145c73a4f145bff07c03024ae3f) Importer(815301076,1909f56bfc062723c751e8b465ee728b)  -> (artifact id: 'fe48f2e9df8fbcd8eb35a8d312d97a79') in 0.029763 seconds
  Import took 0.035825 seconds .

========================================================================
Received Import Request.
  Time since last request: 0.000591 seconds.
  path: Assets/FPS/Art/Materials/VFX/Projectile_red.mat
  artifactKey: Guid(fe10a01f7f670b144936b99b7a5a468f) Importer(815301076,1909f56bfc062723c751e8b465ee728b)
Start importing Assets/FPS/Art/Materials/VFX/Projectile_red.mat using Guid(fe10a01f7f670b144936b99b7a5a468f) Importer(815301076,1909f56bfc062723c751e8b465ee728b)  -> (artifact id: '614827307acce8d43b512630ad8145a7') in 0.076725 seconds
  Import took 0.082792 seconds .

========================================================================
Received Import Request.
  Time since last request: 0.000468 seconds.
  path: Assets/FPS/Art/Materials/VFX/ProjectileTrail.mat
  artifactKey: Guid(97a1887a7cfda624fb3c2b8aa7e32973) Importer(815301076,1909f56bfc062723c751e8b465ee728b)
Start importing Assets/FPS/Art/Materials/VFX/ProjectileTrail.mat using Guid(97a1887a7cfda624fb3c2b8aa7e32973) Importer(815301076,1909f56bfc062723c751e8b465ee728b)  -> (artifact id: '79747deca870d0a104d89de5a4b89c19') in 0.017305 seconds
  Import took 0.023346 seconds .

========================================================================
Received Import Request.
  Time since last request: 0.000447 seconds.
  path: Assets/FPS/Art/Textures/VFX/Projectile_Trail.bmp
  artifactKey: Guid(48c3c863a9144e142a78398db7603db9) Importer(815301076,1909f56bfc062723c751e8b465ee728b)
Start importing Assets/FPS/Art/Textures/VFX/Projectile_Trail.bmp using Guid(48c3c863a9144e142a78398db7603db9) Importer(815301076,1909f56bfc062723c751e8b465ee728b)  -> (artifact id: 'c378ba8745bc4eb6f0468089b844a67f') in 0.011524 seconds
  Import took 0.017392 seconds .

========================================================================
Received Import Request.
  Time since last request: 0.000513 seconds.
  path: Assets/FPS/Art/Materials/VFX/Projectile_green.mat
  artifactKey: Guid(e4d0ea9642095ef4cb76e9b3c9f91eef) Importer(815301076,1909f56bfc062723c751e8b465ee728b)
Start importing Assets/FPS/Art/Materials/VFX/Projectile_green.mat using Guid(e4d0ea9642095ef4cb76e9b3c9f91eef) Importer(815301076,1909f56bfc062723c751e8b465ee728b)  -> (artifact id: '7ece5b8247973b99063ec4c2ac1ccae9') in 0.015258 seconds
  Import took 0.021023 seconds .

========================================================================
Received Import Request.
  Time since last request: 0.000381 seconds.
  path: Assets/FPS/Scenes/SecondaryScene/ReflectionProbe-0.exr
  artifactKey: Guid(40e1099eebbdfe945aa398b9989279cd) Importer(815301076,1909f56bfc062723c751e8b465ee728b)
Start importing Assets/FPS/Scenes/SecondaryScene/ReflectionProbe-0.exr using Guid(40e1099eebbdfe945aa398b9989279cd) Importer(815301076,1909f56bfc062723c751e8b465ee728b)  -> (artifact id: '5fb06c990b77bdeb7a845641fafecb5a') in 0.039271 seconds
  Import took 0.045783 seconds .

========================================================================
Received Import Request.
  Time since last request: 0.000684 seconds.
  path: Assets/FPS/Art/Materials/VFX/Projectile_blue.mat
  artifactKey: Guid(4892be09e48c5a441b36e4cffb963fb4) Importer(815301076,1909f56bfc062723c751e8b465ee728b)
Start importing Assets/FPS/Art/Materials/VFX/Projectile_blue.mat using Guid(4892be09e48c5a441b36e4cffb963fb4) Importer(815301076,1909f56bfc062723c751e8b465ee728b)  -> (artifact id: 'ae334bb08a1138757d8371a04a049943') in 0.017832 seconds
  Import took 0.024456 seconds .

========================================================================
Received Import Request.
  Time since last request: 0.000488 seconds.
  path: Assets/FPS/Scenes/MainScene/ReflectionProbe-2.exr
  artifactKey: Guid(1856399bb99be4649b846011c106f00c) Importer(815301076,1909f56bfc062723c751e8b465ee728b)
Start importing Assets/FPS/Scenes/MainScene/ReflectionProbe-2.exr using Guid(1856399bb99be4649b846011c106f00c) Importer(815301076,1909f56bfc062723c751e8b465ee728b)  -> (artifact id: '2c917c2cdcbb490d479e8360c87e37a3') in 0.018052 seconds
  Import took 0.023722 seconds .

========================================================================
Received Import Request.
  Time since last request: 0.000636 seconds.
  path: Assets/FPS/Art/Textures/VFX/ProjectileRamp.png
  artifactKey: Guid(766e0c8738dffc646b9ada80a0df14d5) Importer(815301076,1909f56bfc062723c751e8b465ee728b)
Start importing Assets/FPS/Art/Textures/VFX/ProjectileRamp.png using Guid(766e0c8738dffc646b9ada80a0df14d5) Importer(815301076,1909f56bfc062723c751e8b465ee728b)  -> (artifact id: 'adf1be7e6ddd82b0d885b3b1962fe51a') in 0.011440 seconds
  Import took 0.016892 seconds .

========================================================================
Received Import Request.
  Time since last request: 0.149257 seconds.
  path: Assets/FPS/Tutorials/Tutorial Project Settings.asset
  artifactKey: Guid(82ccda3adf0ba49e1ba86e30edff0cc5) Importer(815301076,1909f56bfc062723c751e8b465ee728b)
Start importing Assets/FPS/Tutorials/Tutorial Project Settings.asset using Guid(82ccda3adf0ba49e1ba86e30edff0cc5) Importer(815301076,1909f56bfc062723c751e8b465ee728b)  -> (artifact id: 'a339adeb9a4bc95ebfab74f36ec49c85') in 0.522078 seconds
  Import took 0.533566 seconds .

========================================================================
Received Import Request.
  Time since last request: 0.000520 seconds.
  path: Assets/FPS/Tutorials/AddARoom/WT-Project-Window.png
  artifactKey: Guid(ea9d8d0cfa14342e88e692cb7b8a2ed8) Importer(815301076,1909f56bfc062723c751e8b465ee728b)
Start importing Assets/FPS/Tutorials/AddARoom/WT-Project-Window.png using Guid(ea9d8d0cfa14342e88e692cb7b8a2ed8) Importer(815301076,1909f56bfc062723c751e8b465ee728b)  -> (artifact id: 'db5143cecc5c1200c769495a41b6427f') in 0.012867 seconds
  Import took 0.017469 seconds .

========================================================================
Received Import Request.
  Time since last request: 0.000434 seconds.
  path: Assets/FPS/Tutorials/Playtest/WT-Select-Property.mov
  artifactKey: Guid(87d213d9011a74f4790e16e70e97351b) Importer(815301076,1909f56bfc062723c751e8b465ee728b)
Start importing Assets/FPS/Tutorials/Playtest/WT-Select-Property.mov using Guid(87d213d9011a74f4790e16e70e97351b) Importer(815301076,1909f56bfc062723c751e8b465ee728b)  -> (artifact id: '995cb6f7b3febc281402888f6998b450') in 0.198729 seconds
  Import took 0.204077 seconds .

========================================================================
Received Import Request.
  Time since last request: 0.550299 seconds.
  path: Assets/FPS/Tutorials/AddARoom/50-Project-Window.asset
  artifactKey: Guid(1412dffa60f2b49ca800527d3e14db38) Importer(815301076,1909f56bfc062723c751e8b465ee728b)
Start importing Assets/FPS/Tutorials/AddARoom/50-Project-Window.asset using Guid(1412dffa60f2b49ca800527d3e14db38) Importer(815301076,1909f56bfc062723c751e8b465ee728b)  -> (artifact id: 'c731758a560d9870d334683b305ee74d') in 0.010963 seconds
  Import took 0.018021 seconds .

========================================================================
Received Import Request.
  Time since last request: 9.445168 seconds.
  path: Assets/FPS/Prefabs/Weapons/Weapon_Blaster.prefab
  artifactKey: Guid(b318fabc73446b746a1005cede0c4ceb) Importer(815301076,1909f56bfc062723c751e8b465ee728b)
Start importing Assets/FPS/Prefabs/Weapons/Weapon_Blaster.prefab using Guid(b318fabc73446b746a1005cede0c4ceb) Importer(815301076,1909f56bfc062723c751e8b465ee728b)  -> (artifact id: '38946c4a3714321d2b0ea35444e9e24d') in 0.046268 seconds
  Import took 0.055230 seconds .

========================================================================
Received Prepare
Registering precompiled user dll's ...
Registered in 0.007922 seconds.
Begin MonoManager ReloadAssembly
Native extension for WindowsStandalone target not found
Native extension for WebGL target not found
Refreshing native plugins compatible for Editor in 1.29 ms, found 2 plugins.
Preloading 0 native plugins for Editor in 0.00 ms.
Invoked RoslynAnalysisRunner static constructor.
RoslynAnalysisRunner will not be running.
RoslynAnalysisRunner has terminated.
Mono: successfully reloaded assembly
- Completed reload, in  2.972 seconds
Platform modules already initialized, skipping
Refreshing native plugins compatible for Editor in 1.16 ms, found 2 plugins.
Preloading 0 native plugins for Editor in 0.00 ms.
Unloading 2000 Unused Serialized files (Serialized files now loaded: 0)
System memory in use before: 163.4 MB.
System memory in use after: 163.5 MB.

Unloading 16 unused Assets to reduce memory usage. Loaded Objects now: 2547.
Total: 6.518200 ms (FindLiveObjects: 0.547600 ms CreateObjectMapping: 0.154900 ms MarkObjects: 5.633800 ms  DeleteObjects: 0.179500 ms)

========================================================================
Received Import Request.
  Time since last request: 215.292587 seconds.
  path: Assets/FPS/Prefabs/Projectiles/Cookie.prefab
  artifactKey: Guid(ff1cbeb2981465341bbebc6a6dfaf05c) Importer(815301076,1909f56bfc062723c751e8b465ee728b)
Start importing Assets/FPS/Prefabs/Projectiles/Cookie.prefab using Guid(ff1cbeb2981465341bbebc6a6dfaf05c) Importer(815301076,1909f56bfc062723c751e8b465ee728b)  -> (artifact id: '934a8ab0a51e5d2c82526afed0415e31') in 0.095803 seconds
  Import took 0.103602 seconds .

========================================================================
Received Import Request.
  Time since last request: 22.530807 seconds.
  path: Assets/FPS/Prefabs/Projectiles/Cookie_physics.prefab
  artifactKey: Guid(ff1cbeb2981465341bbebc6a6dfaf05c) Importer(815301076,1909f56bfc062723c751e8b465ee728b)
Start importing Assets/FPS/Prefabs/Projectiles/Cookie_physics.prefab using Guid(ff1cbeb2981465341bbebc6a6dfaf05c) Importer(815301076,1909f56bfc062723c751e8b465ee728b)  -> (artifact id: '05022b0fbaea89c30b3bdbe3cfb24d2d') in 0.015047 seconds
  Import took 0.021291 seconds .

========================================================================
Received Import Request.
  Time since last request: 56.253072 seconds.
  path: Assets/FPS/Prefabs/Projectiles/Cookie_physics.prefab
  artifactKey: Guid(ff1cbeb2981465341bbebc6a6dfaf05c) Importer(815301076,1909f56bfc062723c751e8b465ee728b)
Start importing Assets/FPS/Prefabs/Projectiles/Cookie_physics.prefab using Guid(ff1cbeb2981465341bbebc6a6dfaf05c) Importer(815301076,1909f56bfc062723c751e8b465ee728b)  -> (artifact id: '73d3e400b5916f57d3848d74306165b0') in 0.015488 seconds
  Import took 0.022406 seconds .

========================================================================
Received Import Request.
  Time since last request: 8.176415 seconds.
  path: Assets/FPS/Prefabs/Projectiles/Cookie_physics.prefab
  artifactKey: Guid(ff1cbeb2981465341bbebc6a6dfaf05c) Importer(815301076,1909f56bfc062723c751e8b465ee728b)
Start importing Assets/FPS/Prefabs/Projectiles/Cookie_physics.prefab using Guid(ff1cbeb2981465341bbebc6a6dfaf05c) Importer(815301076,1909f56bfc062723c751e8b465ee728b)  -> (artifact id: 'e1f14f1aa03710e399fe47c0b345b2c3') in 0.015613 seconds
  Import took 0.022134 seconds .

========================================================================
Received Import Request.
  Time since last request: 0.583994 seconds.
  path: Assets/FPS/Prefabs/Projectiles/Cookie_physics.prefab
  artifactKey: Guid(ff1cbeb2981465341bbebc6a6dfaf05c) Importer(815301076,1909f56bfc062723c751e8b465ee728b)
Start importing Assets/FPS/Prefabs/Projectiles/Cookie_physics.prefab using Guid(ff1cbeb2981465341bbebc6a6dfaf05c) Importer(815301076,1909f56bfc062723c751e8b465ee728b)  -> (artifact id: 'cbbe81e26f60b368ac84b5111837602e') in 0.013634 seconds
  Import took 0.019345 seconds .

========================================================================
Received Import Request.
  Time since last request: 2.321930 seconds.
  path: Assets/FPS/Prefabs/Projectiles/Cookie_physics.prefab
  artifactKey: Guid(ff1cbeb2981465341bbebc6a6dfaf05c) Importer(815301076,1909f56bfc062723c751e8b465ee728b)
Start importing Assets/FPS/Prefabs/Projectiles/Cookie_physics.prefab using Guid(ff1cbeb2981465341bbebc6a6dfaf05c) Importer(815301076,1909f56bfc062723c751e8b465ee728b)  -> (artifact id: '8c224a4d5f236db4675d0832d906d4b9') in 0.016071 seconds
  Import took 0.021400 seconds .

========================================================================
Received Import Request.
  Time since last request: 9.236109 seconds.
  path: Assets/FPS/Prefabs/Projectiles/Cookie_physics.prefab
  artifactKey: Guid(ff1cbeb2981465341bbebc6a6dfaf05c) Importer(815301076,1909f56bfc062723c751e8b465ee728b)
Start importing Assets/FPS/Prefabs/Projectiles/Cookie_physics.prefab using Guid(ff1cbeb2981465341bbebc6a6dfaf05c) Importer(815301076,1909f56bfc062723c751e8b465ee728b)  -> (artifact id: 'c87f156b8261d08400378efe87f3fada') in 0.015875 seconds
  Import took 0.024255 seconds .

========================================================================
Received Import Request.
  Time since last request: 12.450010 seconds.
  path: Assets/FPS/Prefabs/Projectiles/Cookie_physics.prefab
  artifactKey: Guid(ff1cbeb2981465341bbebc6a6dfaf05c) Importer(815301076,1909f56bfc062723c751e8b465ee728b)
Start importing Assets/FPS/Prefabs/Projectiles/Cookie_physics.prefab using Guid(ff1cbeb2981465341bbebc6a6dfaf05c) Importer(815301076,1909f56bfc062723c751e8b465ee728b)  -> (artifact id: 'ac7a0b854576646fcc46b0be0ccc1bb8') in 0.014347 seconds
  Import took 0.019825 seconds .

========================================================================
Received Import Request.
  Time since last request: 10.392038 seconds.
  path: Assets/FPS/Prefabs/Projectiles/Cookie_physics.prefab
  artifactKey: Guid(ff1cbeb2981465341bbebc6a6dfaf05c) Importer(815301076,1909f56bfc062723c751e8b465ee728b)
Start importing Assets/FPS/Prefabs/Projectiles/Cookie_physics.prefab using Guid(ff1cbeb2981465341bbebc6a6dfaf05c) Importer(815301076,1909f56bfc062723c751e8b465ee728b)  -> (artifact id: '29cf8e2be85c7b60d5c5849870d70585') in 0.015314 seconds
  Import took 0.021866 seconds .

========================================================================
Received Import Request.
  Time since last request: 33.008286 seconds.
  path: Assets/FPS/Prefabs/Projectiles/LeonsProjectile.prefab
  artifactKey: Guid(9bcf2c26f96d2e94eb5dea47b63d6322) Importer(815301076,1909f56bfc062723c751e8b465ee728b)
Start importing Assets/FPS/Prefabs/Projectiles/LeonsProjectile.prefab using Guid(9bcf2c26f96d2e94eb5dea47b63d6322) Importer(815301076,1909f56bfc062723c751e8b465ee728b)  -> (artifact id: '1aaa43e9740a26b92a44fe798e343927') in 0.024022 seconds
  Import took 0.030501 seconds .

========================================================================
Received Prepare
Registering precompiled user dll's ...
Registered in 0.007770 seconds.
Begin MonoManager ReloadAssembly
Native extension for WindowsStandalone target not found
Native extension for WebGL target not found
Refreshing native plugins compatible for Editor in 0.62 ms, found 2 plugins.
Preloading 0 native plugins for Editor in 0.00 ms.
Invoked RoslynAnalysisRunner static constructor.
RoslynAnalysisRunner will not be running.
RoslynAnalysisRunner has terminated.
Mono: successfully reloaded assembly
- Completed reload, in  1.693 seconds
Platform modules already initialized, skipping
Refreshing native plugins compatible for Editor in 0.73 ms, found 2 plugins.
Preloading 0 native plugins for Editor in 0.00 ms.
Unloading 2000 Unused Serialized files (Serialized files now loaded: 0)
System memory in use before: 163.3 MB.
System memory in use after: 163.4 MB.

Unloading 16 unused Assets to reduce memory usage. Loaded Objects now: 2550.
Total: 3.638900 ms (FindLiveObjects: 0.387900 ms CreateObjectMapping: 0.085900 ms MarkObjects: 3.046400 ms  DeleteObjects: 0.117200 ms)

========================================================================
Received Prepare
Registering precompiled user dll's ...
Registered in 0.016118 seconds.
Begin MonoManager ReloadAssembly
Native extension for WindowsStandalone target not found
Native extension for WebGL target not found
Refreshing native plugins compatible for Editor in 1.87 ms, found 2 plugins.
Preloading 0 native plugins for Editor in 0.00 ms.
Invoked RoslynAnalysisRunner static constructor.
RoslynAnalysisRunner will not be running.
RoslynAnalysisRunner has terminated.
Mono: successfully reloaded assembly
- Completed reload, in  2.811 seconds
Platform modules already initialized, skipping
Refreshing native plugins compatible for Editor in 1.72 ms, found 2 plugins.
Preloading 0 native plugins for Editor in 0.00 ms.
Unloading 2000 Unused Serialized files (Serialized files now loaded: 0)
System memory in use before: 163.4 MB.
System memory in use after: 163.5 MB.

Unloading 16 unused Assets to reduce memory usage. Loaded Objects now: 2552.
Total: 7.892400 ms (FindLiveObjects: 0.909200 ms CreateObjectMapping: 0.127600 ms MarkObjects: 6.648500 ms  DeleteObjects: 0.203700 ms)

========================================================================
Received Import Request.
  Time since last request: 1351.923288 seconds.
  path: Assets/FPS/Art/Textures/UI/Notification_Enemy_Icon.png
  artifactKey: Guid(f508c28b9e2b993418fa54db9c535ae9) Importer(815301076,1909f56bfc062723c751e8b465ee728b)
Start importing Assets/FPS/Art/Textures/UI/Notification_Enemy_Icon.png using Guid(f508c28b9e2b993418fa54db9c535ae9) Importer(815301076,1909f56bfc062723c751e8b465ee728b)  -> (artifact id: 'a729cc40627d72bff53de3f82af5e13c') in 0.152032 seconds
  Import took 0.162106 seconds .

========================================================================
Received Import Request.
  Time since last request: 0.001182 seconds.
  path: Assets/FPS/Art/Textures/UI/Radar_Enemy_Icon.png
  artifactKey: Guid(f960e1e0f9c28f346bcff536efd27f78) Importer(815301076,1909f56bfc062723c751e8b465ee728b)
Start importing Assets/FPS/Art/Textures/UI/Radar_Enemy_Icon.png using Guid(f960e1e0f9c28f346bcff536efd27f78) Importer(815301076,1909f56bfc062723c751e8b465ee728b)  -> (artifact id: '6fa2a6e3372f61da8de065f8cb9d65a2') in 0.024184 seconds
  Import took 0.033494 seconds .

========================================================================
Received Import Request.
  Time since last request: 0.001281 seconds.
  path: Assets/FPS/Art/Textures/UI/Radar_Enemy_IconBg.png
  artifactKey: Guid(65c7da85c6d645744b9081be5782b153) Importer(815301076,1909f56bfc062723c751e8b465ee728b)
Start importing Assets/FPS/Art/Textures/UI/Radar_Enemy_IconBg.png using Guid(65c7da85c6d645744b9081be5782b153) Importer(815301076,1909f56bfc062723c751e8b465ee728b)  -> (artifact id: 'baf057868f368c75e29f471a937e0038') in 0.024969 seconds
  Import took 0.033341 seconds .

========================================================================
Received Import Request.
  Time since last request: 61.667674 seconds.
  path: Assets/FPS/Prefabs/Enemies/Enemy_HoverBot.prefab
  artifactKey: Guid(25a1b0efadb966e44889fce712c8ff8d) Importer(815301076,1909f56bfc062723c751e8b465ee728b)
Start importing Assets/FPS/Prefabs/Enemies/Enemy_HoverBot.prefab using Guid(25a1b0efadb966e44889fce712c8ff8d) Importer(815301076,1909f56bfc062723c751e8b465ee728b)  -> (artifact id: 'd96989547c31e45a7e3acb907587a181') in 0.662477 seconds
  Import took 0.676338 seconds .

========================================================================
Received Import Request.
  Time since last request: 48.447950 seconds.
  path: Assets/FPS/Scenes/MainScene.unity
  artifactKey: Guid(d794a2ef8ba31d847ad3c19d03e2ddb9) Importer(815301076,1909f56bfc062723c751e8b465ee728b)
Start importing Assets/FPS/Scenes/MainScene.unity using Guid(d794a2ef8ba31d847ad3c19d03e2ddb9) Importer(815301076,1909f56bfc062723c751e8b465ee728b)  -> (artifact id: 'b4675cf2003e00dbe5362b830335aa09') in 0.010847 seconds
  Import took 0.020542 seconds .

========================================================================
Received Prepare
Registering precompiled user dll's ...
Registered in 0.015257 seconds.
Begin MonoManager ReloadAssembly
Native extension for WindowsStandalone target not found
Native extension for WebGL target not found
Refreshing native plugins compatible for Editor in 1.14 ms, found 2 plugins.
Preloading 0 native plugins for Editor in 0.00 ms.
Invoked RoslynAnalysisRunner static constructor.
RoslynAnalysisRunner will not be running.
RoslynAnalysisRunner has terminated.
Mono: successfully reloaded assembly
- Completed reload, in  2.780 seconds
Platform modules already initialized, skipping
Refreshing native plugins compatible for Editor in 1.43 ms, found 2 plugins.
Preloading 0 native plugins for Editor in 0.00 ms.
Unloading 2000 Unused Serialized files (Serialized files now loaded: 0)
System memory in use before: 177.1 MB.
System memory in use after: 177.1 MB.

Unloading 16 unused Assets to reduce memory usage. Loaded Objects now: 2560.
Total: 7.579800 ms (FindLiveObjects: 0.846600 ms CreateObjectMapping: 0.225100 ms MarkObjects: 6.272000 ms  DeleteObjects: 0.232200 ms)

========================================================================
Received Import Request.
  Time since last request: 624.451420 seconds.
  path: Assets/FPS/Art/Textures/UI/HUD_Jetpack_Icon.png
  artifactKey: Guid(d329fd11893b4ee42b624f01d3131680) Importer(815301076,1909f56bfc062723c751e8b465ee728b)
Start importing Assets/FPS/Art/Textures/UI/HUD_Jetpack_Icon.png using Guid(d329fd11893b4ee42b624f01d3131680) Importer(815301076,1909f56bfc062723c751e8b465ee728b)  -> (artifact id: 'ff52d43665d9dce4b7493095186638e4') in 0.154197 seconds
  Import took 0.175110 seconds .

========================================================================
Received Import Request.
  Time since last request: 0.000650 seconds.
  path: Assets/FPS/Art/Textures/Pickups/Jetpack_AO.png
  artifactKey: Guid(1c08bd4b0708fd44fb61168f99f6cbcb) Importer(815301076,1909f56bfc062723c751e8b465ee728b)
Start importing Assets/FPS/Art/Textures/Pickups/Jetpack_AO.png using Guid(1c08bd4b0708fd44fb61168f99f6cbcb) Importer(815301076,1909f56bfc062723c751e8b465ee728b)  -> (artifact id: 'ab4df0c2f6641e203477caf9d4b29edc') in 0.027006 seconds
  Import took 0.038057 seconds .

========================================================================
Received Import Request.
  Time since last request: 0.001193 seconds.
  path: Assets/FPS/Art/Textures/Pickups/Jetpack__Normal.png
  artifactKey: Guid(57271020c385379499e0d0e0ad84824c) Importer(815301076,1909f56bfc062723c751e8b465ee728b)
Start importing Assets/FPS/Art/Textures/Pickups/Jetpack__Normal.png using Guid(57271020c385379499e0d0e0ad84824c) Importer(815301076,1909f56bfc062723c751e8b465ee728b)  -> (artifact id: 'f2f2428b4632c4b1fd17aa44340237cc') in 0.025747 seconds
  Import took 0.034375 seconds .

========================================================================
Received Import Request.
  Time since last request: 0.000716 seconds.
  path: Assets/FPS/Art/Textures/Pickups/Jetpack_Albedo.png
  artifactKey: Guid(3bc42c7469f8a8545990a1ff3e431431) Importer(815301076,1909f56bfc062723c751e8b465ee728b)
Start importing Assets/FPS/Art/Textures/Pickups/Jetpack_Albedo.png using Guid(3bc42c7469f8a8545990a1ff3e431431) Importer(815301076,1909f56bfc062723c751e8b465ee728b)  -> (artifact id: '5457816dbd0cc48e90f1471afe60b164') in 0.019595 seconds
  Import took 0.027044 seconds .

========================================================================
Received Import Request.
  Time since last request: 0.000610 seconds.
  path: Assets/FPS/Art/Materials/Props/Jetpack.mat
  artifactKey: Guid(2163f1532b18af3478e39475952f1ae7) Importer(815301076,1909f56bfc062723c751e8b465ee728b)
Start importing Assets/FPS/Art/Materials/Props/Jetpack.mat using Guid(2163f1532b18af3478e39475952f1ae7) Importer(815301076,1909f56bfc062723c751e8b465ee728b)  -> (artifact id: 'd072d28890567d6c5434c58b3cc8874c') in 0.087844 seconds
  Import took 0.097544 seconds .

========================================================================
Received Import Request.
  Time since last request: 0.000928 seconds.
  path: Assets/FPS/Audio/SFX/Player/Jetpack_Use.wav
  artifactKey: Guid(01a15bd1861d7914abbedc36aad1f4d6) Importer(815301076,1909f56bfc062723c751e8b465ee728b)
Start importing Assets/FPS/Audio/SFX/Player/Jetpack_Use.wav using Guid(01a15bd1861d7914abbedc36aad1f4d6) Importer(815301076,1909f56bfc062723c751e8b465ee728b)  -> (artifact id: '0652c7b40bf11a22d2c6e07502a57d90') in 0.031583 seconds
  Import took 0.039711 seconds .

========================================================================
Received Import Request.
  Time since last request: 0.000652 seconds.
  path: Assets/FPS/Art/Materials/VFX/JetPackTrail.mat
  artifactKey: Guid(b06de00127b56814e9454c2d7d9f139a) Importer(815301076,1909f56bfc062723c751e8b465ee728b)
Start importing Assets/FPS/Art/Materials/VFX/JetPackTrail.mat using Guid(b06de00127b56814e9454c2d7d9f139a) Importer(815301076,1909f56bfc062723c751e8b465ee728b)  -> (artifact id: '0e9dc7e02037fee4acae60a4d47221a1') in 0.030945 seconds
  Import took 0.040055 seconds .

========================================================================
Received Import Request.
  Time since last request: 0.000741 seconds.
  path: Assets/FPS/Art/Textures/Pickups/Jetpack__MetallicSmooth.png
  artifactKey: Guid(e22e0a904feca9f4e8314f9ba5dc57e6) Importer(815301076,1909f56bfc062723c751e8b465ee728b)
Start importing Assets/FPS/Art/Textures/Pickups/Jetpack__MetallicSmooth.png using Guid(e22e0a904feca9f4e8314f9ba5dc57e6) Importer(815301076,1909f56bfc062723c751e8b465ee728b)  -> (artifact id: '24850d18caca50a567c25cd3400ab8f4') in 0.020545 seconds
  Import took 0.028277 seconds .

========================================================================
Received Import Request.
  Time since last request: 0.000715 seconds.
  path: Assets/FPS/Art/Textures/VFX/JetPackPulse.png
  artifactKey: Guid(f622e91314538074b87bd3e3cf8e1dbd) Importer(815301076,1909f56bfc062723c751e8b465ee728b)
Start importing Assets/FPS/Art/Textures/VFX/JetPackPulse.png using Guid(f622e91314538074b87bd3e3cf8e1dbd) Importer(815301076,1909f56bfc062723c751e8b465ee728b)  -> (artifact id: '0f0fc437a923f234fe3be3b58bf2ffbd') in 0.019603 seconds
  Import took 0.027890 seconds .

========================================================================
Received Import Request.
  Time since last request: 0.000776 seconds.
  path: Assets/FPS/Audio/SFX/Pickups/Pickup_Jetpack.wav
  artifactKey: Guid(9c793d7183ca03e4fbf328175291cee4) Importer(815301076,1909f56bfc062723c751e8b465ee728b)
Start importing Assets/FPS/Audio/SFX/Pickups/Pickup_Jetpack.wav using Guid(9c793d7183ca03e4fbf328175291cee4) Importer(815301076,1909f56bfc062723c751e8b465ee728b)  -> (artifact id: 'e2e3a0aad556dffef2c303ee6fee74fe') in 0.024062 seconds
  Import took 0.033027 seconds .

========================================================================
Received Prepare
Registering precompiled user dll's ...
Registered in 0.017735 seconds.
Begin MonoManager ReloadAssembly
Native extension for WindowsStandalone target not found
Native extension for WebGL target not found
Refreshing native plugins compatible for Editor in 1.53 ms, found 2 plugins.
Preloading 0 native plugins for Editor in 0.00 ms.
Invoked RoslynAnalysisRunner static constructor.
RoslynAnalysisRunner will not be running.
RoslynAnalysisRunner has terminated.
Mono: successfully reloaded assembly
- Completed reload, in  3.274 seconds
Platform modules already initialized, skipping
Refreshing native plugins compatible for Editor in 1.42 ms, found 2 plugins.
Preloading 0 native plugins for Editor in 0.00 ms.
Unloading 2000 Unused Serialized files (Serialized files now loaded: 0)
System memory in use before: 177.1 MB.
System memory in use after: 177.1 MB.

Unloading 16 unused Assets to reduce memory usage. Loaded Objects now: 2566.
Total: 8.632900 ms (FindLiveObjects: 0.662800 ms CreateObjectMapping: 0.122700 ms MarkObjects: 7.522000 ms  DeleteObjects: 0.318900 ms)

========================================================================
Received Prepare
Registering precompiled user dll's ...
Registered in 0.020228 seconds.
Begin MonoManager ReloadAssembly
Native extension for WindowsStandalone target not found
Native extension for WebGL target not found
Refreshing native plugins compatible for Editor in 2.04 ms, found 2 plugins.
Preloading 0 native plugins for Editor in 0.00 ms.
Invoked RoslynAnalysisRunner static constructor.
RoslynAnalysisRunner will not be running.
RoslynAnalysisRunner has terminated.
Mono: successfully reloaded assembly
- Completed reload, in  3.814 seconds
Platform modules already initialized, skipping
Refreshing native plugins compatible for Editor in 2.04 ms, found 2 plugins.
Preloading 0 native plugins for Editor in 0.00 ms.
Unloading 2000 Unused Serialized files (Serialized files now loaded: 0)
System memory in use before: 177.1 MB.
System memory in use after: 177.1 MB.

Unloading 16 unused Assets to reduce memory usage. Loaded Objects now: 2568.
Total: 8.444800 ms (FindLiveObjects: 0.806000 ms CreateObjectMapping: 0.320200 ms MarkObjects: 6.943800 ms  DeleteObjects: 0.369000 ms)

========================================================================
Received Prepare
Registering precompiled user dll's ...
Registered in 0.017105 seconds.
Begin MonoManager ReloadAssembly
Native extension for WindowsStandalone target not found
Native extension for WebGL target not found
Refreshing native plugins compatible for Editor in 1.13 ms, found 2 plugins.
Preloading 0 native plugins for Editor in 0.00 ms.
Invoked RoslynAnalysisRunner static constructor.
RoslynAnalysisRunner will not be running.
RoslynAnalysisRunner has terminated.
Mono: successfully reloaded assembly
- Completed reload, in  3.271 seconds
Platform modules already initialized, skipping
Refreshing native plugins compatible for Editor in 1.44 ms, found 2 plugins.
Preloading 0 native plugins for Editor in 0.00 ms.
Unloading 2000 Unused Serialized files (Serialized files now loaded: 0)
System memory in use before: 177.0 MB.
System memory in use after: 177.0 MB.

Unloading 16 unused Assets to reduce memory usage. Loaded Objects now: 2570.
Total: 7.168000 ms (FindLiveObjects: 0.800200 ms CreateObjectMapping: 0.236700 ms MarkObjects: 5.849700 ms  DeleteObjects: 0.276500 ms)

========================================================================
Received Prepare
Registering precompiled user dll's ...
Registered in 0.013681 seconds.
Begin MonoManager ReloadAssembly
Native extension for WindowsStandalone target not found
Native extension for WebGL target not found
Refreshing native plugins compatible for Editor in 1.12 ms, found 2 plugins.
Preloading 0 native plugins for Editor in 0.00 ms.
Invoked RoslynAnalysisRunner static constructor.
RoslynAnalysisRunner will not be running.
RoslynAnalysisRunner has terminated.
Mono: successfully reloaded assembly
- Completed reload, in  2.621 seconds
Platform modules already initialized, skipping
Refreshing native plugins compatible for Editor in 1.13 ms, found 2 plugins.
Preloading 0 native plugins for Editor in 0.00 ms.
Unloading 2000 Unused Serialized files (Serialized files now loaded: 0)
System memory in use before: 177.1 MB.
System memory in use after: 177.1 MB.

Unloading 16 unused Assets to reduce memory usage. Loaded Objects now: 2572.
Total: 6.156700 ms (FindLiveObjects: 0.477300 ms CreateObjectMapping: 0.113000 ms MarkObjects: 5.355800 ms  DeleteObjects: 0.206800 ms)

AssetImportWorkerClient::OnTransportError - code=2 error=End of file
